# JRE version: OpenJDK Runtime Environment (8.0_242) (build 1.8.0_242-release-1644-b3-6222593)
# Java VM: OpenJDK 64-Bit Server VM (25.242-b3-6222593 mixed mode linux-amd64 compressed oops)
Heap:
 PSYoungGen      total 532480K, used 329835K [0x00000000d5580000, 0x0000000100000000, 0x0000000100000000)
  eden space 406016K, 73% used [0x00000000d5580000,0x00000000e77bbd00,0x00000000ee200000)
  from space 126464K, 25% used [0x00000000f8480000,0x00000000fa45f2a8,0x0000000100000000)
  to   space 146432K, 0% used [0x00000000ee200000,0x00000000ee200000,0x00000000f7100000)
 ParOldGen       total 454144K, used 243990K [0x0000000080000000, 0x000000009bb80000, 0x00000000d5580000)
  object space 454144K, 53% used [0x0000000080000000,0x000000008ee458a8,0x000000009bb80000)
 Metaspace       used 109310K, capacity 118738K, committed 118936K, reserved 1153024K
  class space    used 14019K, capacity 15509K, committed 15536K, reserved 1048576K
GC Heap History (10 events):
Event: 3065,006 GC heap before
{Heap before GC invocations=67 (full 5):
 PSYoungGen      total 566272K, used 460709K [0x00000000d5580000, 0x00000000ffd00000, 0x0000000100000000)
  eden space 443392K, 100% used [0x00000000d5580000,0x00000000f0680000,0x00000000f0680000)
  from space 122880K, 14% used [0x00000000f0680000,0x00000000f17697c8,0x00000000f7e80000)
  to   space 117760K, 0% used [0x00000000f8a00000,0x00000000f8a00000,0x00000000ffd00000)
 ParOldGen       total 454144K, used 225049K [0x0000000080000000, 0x000000009bb80000, 0x00000000d5580000)
  object space 454144K, 49% used [0x0000000080000000,0x000000008dbc6658,0x000000009bb80000)
 Metaspace       used 109071K, capacity 118398K, committed 118680K, reserved 1153024K
  class space    used 14012K, capacity 15499K, committed 15536K, reserved 1048576K
Event: 3065,022 GC heap after
Heap after GC invocations=67 (full 5):
 PSYoungGen      total 563712K, used 19171K [0x00000000d5580000, 0x00000000ff100000, 0x0000000100000000)
  eden space 458240K, 0% used [0x00000000d5580000,0x00000000d5580000,0x00000000f1500000)
  from space 105472K, 18% used [0x00000000f8a00000,0x00000000f9cb8cc8,0x00000000ff100000)
  to   space 112640K, 0% used [0x00000000f1500000,0x00000000f1500000,0x00000000f8300000)
 ParOldGen       total 454144K, used 228303K [0x0000000080000000, 0x000000009bb80000, 0x00000000d5580000)
  object space 454144K, 50% used [0x0000000080000000,0x000000008def3fe0,0x000000009bb80000)
 Metaspace       used 109071K, capacity 118398K, committed 118680K, reserved 1153024K
  class space    used 14012K, capacity 15499K, committed 15536K, reserved 1048576K
}
Event: 3110,718 GC heap before
{Heap before GC invocations=68 (full 5):
 PSYoungGen      total 563712K, used 477411K [0x00000000d5580000, 0x00000000ff100000, 0x0000000100000000)
  eden space 458240K, 100% used [0x00000000d5580000,0x00000000f1500000,0x00000000f1500000)
  from space 105472K, 18% used [0x00000000f8a00000,0x00000000f9cb8cc8,0x00000000ff100000)
  to   space 112640K, 0% used [0x00000000f1500000,0x00000000f1500000,0x00000000f8300000)
 ParOldGen       total 454144K, used 228303K [0x0000000080000000, 0x000000009bb80000, 0x00000000d5580000)
  object space 454144K, 50% used [0x0000000080000000,0x000000008def3fe0,0x000000009bb80000)
 Metaspace       used 109221K, capacity 118460K, committed 118680K, reserved 1153024K
  class space    used 14017K, capacity 15508K, committed 15536K, reserved 1048576K
Event: 3110,730 GC heap after
Heap after GC invocations=68 (full 5):
 PSYoungGen      total 570880K, used 12176K [0x00000000d5580000, 0x00000000fff00000, 0x0000000100000000)
  eden space 458240K, 0% used [0x00000000d5580000,0x00000000d5580000,0x00000000f1500000)
  from space 112640K, 10% used [0x00000000f1500000,0x00000000f20e4218,0x00000000f8300000)
  to   space 108544K, 0% used [0x00000000f9500000,0x00000000f9500000,0x00000000fff00000)
 ParOldGen       total 454144K, used 228311K [0x0000000080000000, 0x000000009bb80000, 0x00000000d5580000)
  object space 454144K, 50% used [0x0000000080000000,0x000000008def5fe0,0x000000009bb80000)
 Metaspace       used 109221K, capacity 118460K, committed 118680K, reserved 1153024K
  class space    used 14017K, capacity 15508K, committed 15536K, reserved 1048576K
}
Event: 3111,039 GC heap before
{Heap before GC invocations=69 (full 5):
 PSYoungGen      total 570880K, used 470416K [0x00000000d5580000, 0x00000000fff00000, 0x0000000100000000)
  eden space 458240K, 100% used [0x00000000d5580000,0x00000000f1500000,0x00000000f1500000)
  from space 112640K, 10% used [0x00000000f1500000,0x00000000f20e4218,0x00000000f8300000)
  to   space 108544K, 0% used [0x00000000f9500000,0x00000000f9500000,0x00000000fff00000)
 ParOldGen       total 454144K, used 228311K [0x0000000080000000, 0x000000009bb80000, 0x00000000d5580000)
  object space 454144K, 50% used [0x0000000080000000,0x000000008def5fe0,0x000000009bb80000)
 Metaspace       used 109252K, capacity 118530K, committed 118680K, reserved 1153024K
  class space    used 14018K, capacity 15509K, committed 15536K, reserved 1048576K
Event: 3111,086 GC heap after
Heap after GC invocations=69 (full 5):
 PSYoungGen      total 554496K, used 100366K [0x00000000d5580000, 0x0000000100000000, 0x0000000100000000)
  eden space 445952K, 0% used [0x00000000d5580000,0x00000000d5580000,0x00000000f0900000)
  from space 108544K, 92% used [0x00000000f9500000,0x00000000ff7038a0,0x00000000fff00000)
  to   space 126464K, 0% used [0x00000000f0900000,0x00000000f0900000,0x00000000f8480000)
 ParOldGen       total 454144K, used 228319K [0x0000000080000000, 0x000000009bb80000, 0x00000000d5580000)
  object space 454144K, 50% used [0x0000000080000000,0x000000008def7fe0,0x000000009bb80000)
 Metaspace       used 109252K, capacity 118530K, committed 118680K, reserved 1153024K
  class space    used 14018K, capacity 15509K, committed 15536K, reserved 1048576K
}
Event: 3112,150 GC heap before
{Heap before GC invocations=70 (full 5):
 PSYoungGen      total 554496K, used 546318K [0x00000000d5580000, 0x0000000100000000, 0x0000000100000000)
  eden space 445952K, 100% used [0x00000000d5580000,0x00000000f0900000,0x00000000f0900000)
  from space 108544K, 92% used [0x00000000f9500000,0x00000000ff7038a0,0x00000000fff00000)
  to   space 126464K, 0% used [0x00000000f0900000,0x00000000f0900000,0x00000000f8480000)
 ParOldGen       total 454144K, used 228319K [0x0000000080000000, 0x000000009bb80000, 0x00000000d5580000)
  object space 454144K, 50% used [0x0000000080000000,0x000000008def7fe0,0x000000009bb80000)
 Metaspace       used 109260K, capacity 118530K, committed 118680K, reserved 1153024K
  class space    used 14018K, capacity 15509K, committed 15536K, reserved 1048576K
Event: 3112,221 GC heap after
Heap after GC invocations=70 (full 5):
 PSYoungGen      total 572416K, used 126447K [0x00000000d5580000, 0x0000000100000000, 0x0000000100000000)
  eden space 445952K, 0% used [0x00000000d5580000,0x00000000d5580000,0x00000000f0900000)
  from space 126464K, 99% used [0x00000000f0900000,0x00000000f847bde8,0x00000000f8480000)
  to   space 126464K, 0% used [0x00000000f8480000,0x00000000f8480000,0x0000000100000000)
 ParOldGen       total 454144K, used 240548K [0x0000000080000000, 0x000000009bb80000, 0x00000000d5580000)
  object space 454144K, 52% used [0x0000000080000000,0x000000008eae90e8,0x000000009bb80000)
 Metaspace       used 109260K, capacity 118530K, committed 118680K, reserved 1153024K
  class space    used 14018K, capacity 15509K, committed 15536K, reserved 1048576K
}
Event: 3116,829 GC heap before
{Heap before GC invocations=71 (full 5):
 PSYoungGen      total 572416K, used 572386K [0x00000000d5580000, 0x0000000100000000, 0x0000000100000000)
  eden space 445952K, 99% used [0x00000000d5580000,0x00000000f08fcb80,0x00000000f0900000)
  from space 126464K, 99% used [0x00000000f0900000,0x00000000f847bde8,0x00000000f8480000)
  to   space 126464K, 0% used [0x00000000f8480000,0x00000000f8480000,0x0000000100000000)
 ParOldGen       total 454144K, used 240548K [0x0000000080000000, 0x000000009bb80000, 0x00000000d5580000)
  object space 454144K, 52% used [0x0000000080000000,0x000000008eae90e8,0x000000009bb80000)
 Metaspace       used 109289K, capacity 118658K, committed 118936K, reserved 1153024K
  class space    used 14019K, capacity 15509K, committed 15536K, reserved 1048576K
Event: 3116,857 GC heap after
Heap after GC invocations=71 (full 5):
 PSYoungGen      total 532480K, used 32636K [0x00000000d5580000, 0x0000000100000000, 0x0000000100000000)
  eden space 406016K, 0% used [0x00000000d5580000,0x00000000d5580000,0x00000000ee200000)
  from space 126464K, 25% used [0x00000000f8480000,0x00000000fa45f2a8,0x0000000100000000)
  to   space 146432K, 0% used [0x00000000ee200000,0x00000000ee200000,0x00000000f7100000)
 ParOldGen       total 454144K, used 243990K [0x0000000080000000, 0x000000009bb80000, 0x00000000d5580000)
  object space 454144K, 53% used [0x0000000080000000,0x000000008ee458a8,0x000000009bb80000)
 Metaspace       used 109289K, capacity 118658K, committed 118936K, reserved 1153024K
  class space    used 14019K, capacity 15509K, committed 15536K, reserved 1048576K
}

